<?xml version="1.0" encoding="UTF-8"?>
<testsuite name="book.BookTest" tests="12" skipped="0" failures="0" errors="0" timestamp="2023-10-01T21:24:53" hostname="_CIS2430" time="0.346">
  <properties/>
  <testcase name="testSetAndGetLongTitleAndAuthor()" classname="book.BookTest" time="0.27"/>
  <testcase name="testGetTitle()" classname="book.BookTest" time="0.002"/>
  <testcase name="testSetTitleEmptyString()" classname="book.BookTest" time="0.002"/>
  <testcase name="testBorrowAndGiveBack()" classname="book.BookTest" time="0.026"/>
  <testcase name="testToString()" classname="book.BookTest" time="0.011"/>
  <testcase name="testSetBorrowed()" classname="book.BookTest" time="0.002"/>
  <testcase name="testSetBorrowedTwice()" classname="book.BookTest" time="0.002"/>
  <testcase name="testIsBorrowed()" classname="book.BookTest" time="0.001"/>
  <testcase name="testSetAuthor()" classname="book.BookTest" time="0.003"/>
  <testcase name="testGetAuthor()" classname="book.BookTest" time="0.002"/>
  <testcase name="testSetAuthorEmptyString()" classname="book.BookTest" time="0.001"/>
  <testcase name="testSetTitle()" classname="book.BookTest" time="0.001"/>
  <system-out><![CDATA[]]></system-out>
  <system-err><![CDATA[]]></system-err>
</testsuite>
